[2023-03-15T15:55:46.964116-03:00] app_logs.INFO: John Doe- fez logout [] []
[2023-03-15T23:32:07.338968-03:00] app_logs.INFO: 11111111111 - logou com successo [] []
[2023-03-15T23:49:09.995004-03:00] app_logs.INFO: John Doe- fez logout [] []
[2023-03-16T00:18:08.612040-03:00] app_logs.INFO: O cpf: 66666666666 - acabou de se registrar [] []
[2023-03-16T00:29:27.055866-03:00] app_logs.INFO: 11111111111 - logou com successo [] []
[2023-03-16T00:29:52.445583-03:00] app_logs.INFO: Um sorteio teórico acaba de ser realizado  acaba de cadastrar o cupom:  [] []
[2023-03-16T00:31:04.672212-03:00] app_logs.INFO: Um sorteio teórico acaba de ser realizado  [] []
[2023-03-16T00:32:43.117920-03:00] app_logs.INFO: Um sorteio teórico acaba de ser realizado.Dados do ganhador: Array [] []
[2023-03-16T00:32:44.417947-03:00] app_logs.INFO: Um sorteio teórico acaba de ser realizado.Dados do ganhador: Array [] []
[2023-03-16T00:33:43.208982-03:00] app_logs.INFO: Um sorteio teórico acaba de ser realizado.Dados do ganhador: Nome do ganhador: John Doe <br> Número da Sorte: 6b0e2efe-85d2-422b-8a9c-bf009f62b1c7 [] []
[2023-03-16T01:00:00.525511-03:00] app_logs.INFO: Um sorteio teórico acaba de ser realizado. Dados do ganhador: Nome do ganhador: John Doe <br> Número da Sorte: 6b0e2efe-85d2-422b-8a9c-bf009f62b1c7 [] []
[2023-03-16T01:00:01.805842-03:00] app_logs.INFO: Um sorteio teórico acaba de ser realizado. Dados do ganhador: Nome do ganhador: John Doe <br> Número da Sorte: e0dd2498-9431-49b9-89e8-096630478d05 [] []
[2023-03-16T01:00:02.977489-03:00] app_logs.INFO: Um sorteio teórico acaba de ser realizado. Dados do ganhador: Nome do ganhador: John Doe <br> Número da Sorte: 28b7acc2-2925-4fae-a0d9-18b4ebccfb40 [] []
[2023-03-16T01:03:27.230758-03:00] app_logs.INFO: Um sorteio teórico acaba de ser realizado. Dados do ganhador: Nome do ganhador: John Doe <br> Número da Sorte: 89525f01-dd4e-4dce-a21d-efb73b69b82e [] []
[2023-03-16T10:05:58.834915-03:00] app_logs.INFO: John Doe- fez logout [] []
[2023-03-16T10:06:07.677023-03:00] app_logs.INFO: 33333333333 - logou com successo [] []
[2023-03-16T10:13:00.337703-03:00] app_logs.INFO: Jao Maria- fez logout [] []
[2023-03-16T10:13:04.632782-03:00] app_logs.INFO: 11111111111 - logou com successo [] []
[2023-03-16T10:13:15.497984-03:00] app_logs.INFO: Um sorteio teórico acaba de ser realizado. Dados do ganhador: Nome do ganhador: John Doe <br> Número da Sorte: e044b0ad-a0e6-4b9e-8a91-4a2dad46e2ae [] []
[2023-03-16T10:13:25.801082-03:00] app_logs.INFO: Sorteio registrado na base de dados.  [] []
[2023-03-16T10:13:25.817616-03:00] app_logs.INFO: Todos números da sorte foram apagados.  [] []
[2023-03-16T10:13:25.820080-03:00] app_logs.INFO: Todos os cupons foram desativados.  [] []
[2023-03-16T10:13:25.829025-03:00] app_logs.INFO: Status do sorteio para realizado.  [] []
[2023-03-16T10:13:32.947491-03:00] app_logs.INFO: Todos os cupons foram apagados.  [] []
[2023-03-16T10:13:32.954272-03:00] app_logs.INFO: Sistema habilitado para novo sorteio.  [] []
[2023-03-16T10:13:41.460425-03:00] app_logs.INFO: Um sorteio teórico acaba de ser realizado. Dados do ganhador: Não há números a serem sorteados! [] []
[2023-03-16T10:13:43.338975-03:00] app_logs.NOTICE: Houve uma tentativa de sorteio sem números da sorte.  [] []
[2023-03-16T10:13:48.491144-03:00] app_logs.NOTICE: Houve uma tentativa de sorteio sem números da sorte.  [] []
[2023-03-16T10:13:53.473027-03:00] app_logs.INFO: Todos os cupons foram apagados.  [] []
[2023-03-16T10:13:53.476688-03:00] app_logs.INFO: Sistema habilitado para novo sorteio.  [] []
[2023-03-16T10:13:55.752917-03:00] app_logs.INFO: Todos os cupons foram apagados.  [] []
[2023-03-16T10:13:55.755804-03:00] app_logs.INFO: Sistema habilitado para novo sorteio.  [] []
[2023-03-16T10:13:57.113904-03:00] app_logs.INFO: Todos os cupons foram apagados.  [] []
[2023-03-16T10:13:57.116591-03:00] app_logs.INFO: Sistema habilitado para novo sorteio.  [] []
[2023-03-16T10:14:00.880308-03:00] app_logs.INFO: John Doe- fez logout [] []
[2023-03-16T10:14:07.436360-03:00] app_logs.ERROR: 2222222222 - login inválido [] []
[2023-03-16T10:14:17.918983-03:00] app_logs.INFO: 11111111111 - logou com successo [] []
[2023-03-16T10:14:35.162931-03:00] app_logs.INFO: John Doe- fez logout [] []
[2023-03-16T10:14:41.212089-03:00] app_logs.INFO: 22222222222 - logou com successo [] []
[2023-03-16T10:15:43.071954-03:00] app_logs.INFO: O usuário de id: 2 acaba de cadastrar o cupom: 00010 [] []
[2023-03-16T10:16:05.419467-03:00] app_logs.INFO: O usuário de id: 2 acaba de cadastrar o cupom: 0000015 [] []
[2023-03-16T10:16:27.204430-03:00] app_logs.INFO: Jane Doe- fez logout [] []
[2023-03-16T10:16:35.627687-03:00] app_logs.INFO: 33333333333 - logou com successo [] []
[2023-03-16T10:17:24.473984-03:00] app_logs.INFO: O usuário de id: 7 acaba de cadastrar o cupom: 30 [] []
[2023-03-16T10:17:45.331739-03:00] app_logs.INFO: O usuário de id: 7 acaba de cadastrar o cupom: 35 [] []
[2023-03-16T10:18:15.720998-03:00] app_logs.INFO: O usuário de id: 7 acaba de cadastrar o cupom: 38 [] []
[2023-03-16T10:18:22.653686-03:00] app_logs.INFO: Jao Maria- fez logout [] []
[2023-03-16T10:18:33.396792-03:00] app_logs.INFO: 44444444444 - logou com successo [] []
[2023-03-16T10:18:49.991294-03:00] app_logs.INFO: O usuário de id: 15 acaba de cadastrar o cupom: 40 [] []
[2023-03-16T10:19:20.859557-03:00] app_logs.INFO: Mark Duck- fez logout [] []
[2023-03-16T10:19:48.207527-03:00] app_logs.INFO: 11111111111 - logou com successo [] []
[2023-03-16T10:31:36.212721-03:00] app_logs.INFO: John Doe- fez logout [] []
[2023-03-16T10:31:40.509646-03:00] app_logs.INFO: 11111111111 - logou com successo [] []
